c:\users\maxim\git_files\engines\maxgameengine\maxgameengine\x64\debug\maxgameengine.pdb
c:\users\maxim\git_files\engines\maxgameengine\maxgameengine\x64\debug\maxgameengine.idb
c:\users\maxim\git_files\engines\maxgameengine\maxgameengine\maxgameengine\x64\debug\sphysicsproperties.obj
c:\users\maxim\git_files\engines\maxgameengine\maxgameengine\maxgameengine\x64\debug\smodeldrawinfo.obj
c:\users\maxim\git_files\engines\maxgameengine\maxgameengine\maxgameengine\x64\debug\cvaomanager.obj
c:\users\maxim\git_files\engines\maxgameengine\maxgameengine\maxgameengine\x64\debug\cshadermanager.obj
c:\users\maxim\git_files\engines\maxgameengine\maxgameengine\maxgameengine\x64\debug\cshader.obj
c:\users\maxim\git_files\engines\maxgameengine\maxgameengine\maxgameengine\x64\debug\cphysics_update.obj
c:\users\maxim\git_files\engines\maxgameengine\maxgameengine\maxgameengine\x64\debug\cphysics.obj
c:\users\maxim\git_files\engines\maxgameengine\maxgameengine\maxgameengine\x64\debug\cmesh.obj
c:\users\maxim\git_files\engines\maxgameengine\maxgameengine\maxgameengine\x64\debug\clightmanager.obj
c:\users\maxim\git_files\engines\maxgameengine\maxgameengine\maxgameengine\x64\debug\clighthelper.obj
c:\users\maxim\git_files\engines\maxgameengine\maxgameengine\maxgameengine\x64\debug\ccontrolgameengine.obj
c:\users\maxim\git_files\engines\maxgameengine\maxgameengine\maxgameengine\x64\debug\glad.obj
c:\users\maxim\git_files\engines\maxgameengine\maxgameengine\x64\debug\maxgameengine.lib
c:\users\maxim\git_files\engines\maxgameengine\maxgameengine\maxgameengine\x64\debug\maxgameengine.tlog\cl.command.1.tlog
c:\users\maxim\git_files\engines\maxgameengine\maxgameengine\maxgameengine\x64\debug\maxgameengine.tlog\cl.items.tlog
c:\users\maxim\git_files\engines\maxgameengine\maxgameengine\maxgameengine\x64\debug\maxgameengine.tlog\cl.read.1.tlog
c:\users\maxim\git_files\engines\maxgameengine\maxgameengine\maxgameengine\x64\debug\maxgameengine.tlog\cl.write.1.tlog
c:\users\maxim\git_files\engines\maxgameengine\maxgameengine\maxgameengine\x64\debug\maxgameengine.tlog\lib-link.read.1.tlog
c:\users\maxim\git_files\engines\maxgameengine\maxgameengine\maxgameengine\x64\debug\maxgameengine.tlog\lib-link.write.1.tlog
c:\users\maxim\git_files\engines\maxgameengine\maxgameengine\maxgameengine\x64\debug\maxgameengine.tlog\lib.command.1.tlog
