  InputControl.cpp
C:\Users\maxim\Git_Files\Engines\MaxGameEngine\MaxGameEngine\DummyMain\InputControl.cpp(32,27): warning C4244: 'initializing': conversion from 'double' to 'float', possible loss of data
C:\Users\maxim\Git_Files\Engines\MaxGameEngine\MaxGameEngine\DummyMain\InputControl.cpp(337,36): warning C4244: '=': conversion from 'double' to 'float', possible loss of data
C:\Users\maxim\Git_Files\Engines\MaxGameEngine\MaxGameEngine\DummyMain\InputControl.cpp(338,36): warning C4244: '=': conversion from 'double' to 'float', possible loss of data
C:\Users\maxim\Git_Files\Engines\MaxGameEngine\MaxGameEngine\DummyMain\InputControl.cpp(342,24): warning C4244: '=': conversion from 'double' to 'float', possible loss of data
C:\Users\maxim\Git_Files\Engines\MaxGameEngine\MaxGameEngine\DummyMain\InputControl.cpp(343,40): warning C4244: '=': conversion from 'double' to 'float', possible loss of data
C:\Users\maxim\Git_Files\Engines\MaxGameEngine\MaxGameEngine\DummyMain\InputControl.cpp(367,32): warning C4244: '=': conversion from 'double' to 'float', possible loss of data
C:\Users\maxim\Git_Files\Engines\MaxGameEngine\MaxGameEngine\DummyMain\InputControl.cpp(368,32): warning C4244: '=': conversion from 'double' to 'float', possible loss of data
  main.cpp
C:\Users\maxim\Git_Files\Engines\MaxGameEngine\MaxGameEngine\DummyMain\main.cpp(113,56): warning C4305: 'argument': truncation from 'double' to 'float'
  Generating Code...
  LINK : C:\Users\maxim\Git_Files\Engines\MaxGameEngine\MaxGameEngine\x64\Debug\DummyMain.exe not found or not built by the last incremental link; performing full link
MaxGameEngine.lib(glad.obj) : warning LNK4204: '' is missing debugging information for referencing module; linking object as if no debug info
glfw3.lib(window.obj) : warning LNK4099: PDB '' was not found with 'glfw3.lib(window.obj)' or at ''; linking object as if no debug info
glfw3.lib(init.obj) : warning LNK4099: PDB '' was not found with 'glfw3.lib(init.obj)' or at ''; linking object as if no debug info
glfw3.lib(input.obj) : warning LNK4099: PDB '' was not found with 'glfw3.lib(input.obj)' or at ''; linking object as if no debug info
glfw3.lib(context.obj) : warning LNK4099: PDB '' was not found with 'glfw3.lib(context.obj)' or at ''; linking object as if no debug info
glfw3.lib(win32_window.obj) : warning LNK4099: PDB '' was not found with 'glfw3.lib(win32_window.obj)' or at ''; linking object as if no debug info
glfw3.lib(win32_thread.obj) : warning LNK4099: PDB '' was not found with 'glfw3.lib(win32_thread.obj)' or at ''; linking object as if no debug info
glfw3.lib(win32_init.obj) : warning LNK4099: PDB '' was not found with 'glfw3.lib(win32_init.obj)' or at ''; linking object as if no debug info
glfw3.lib(win32_monitor.obj) : warning LNK4099: PDB '' was not found with 'glfw3.lib(win32_monitor.obj)' or at ''; linking object as if no debug info
glfw3.lib(win32_time.obj) : warning LNK4099: PDB '' was not found with 'glfw3.lib(win32_time.obj)' or at ''; linking object as if no debug info
glfw3.lib(monitor.obj) : warning LNK4099: PDB '' was not found with 'glfw3.lib(monitor.obj)' or at ''; linking object as if no debug info
glfw3.lib(vulkan.obj) : warning LNK4099: PDB '' was not found with 'glfw3.lib(vulkan.obj)' or at ''; linking object as if no debug info
glfw3.lib(win32_joystick.obj) : warning LNK4099: PDB '' was not found with 'glfw3.lib(win32_joystick.obj)' or at ''; linking object as if no debug info
glfw3.lib(wgl_context.obj) : warning LNK4099: PDB '' was not found with 'glfw3.lib(wgl_context.obj)' or at ''; linking object as if no debug info
glfw3.lib(egl_context.obj) : warning LNK4099: PDB '' was not found with 'glfw3.lib(egl_context.obj)' or at ''; linking object as if no debug info
glfw3.lib(osmesa_context.obj) : warning LNK4099: PDB '' was not found with 'glfw3.lib(osmesa_context.obj)' or at ''; linking object as if no debug info
  DummyMain.vcxproj -> C:\Users\maxim\Git_Files\Engines\MaxGameEngine\MaxGameEngine\x64\Debug\DummyMain.exe
